{"name": "test_method2", "status": "failed", "statusDetails": {"message": "AssertionError: assert True == False", "trace": "def test_method2():\n        print(\"This is Pytest case\")\n>       assert True == False\nE       assert True == False\n\nDec\\ex_28122024_Pytest\\test_Lab186_Pytest_Learning.py:6: AssertionError"}, "attachments": [{"name": "stdout", "source": "dfd8c9dd-75a5-4769-ade2-502df4653778-attachment.txt", "type": "text/plain"}], "start": 1737268817179, "stop": 1737268817180, "uuid": "cb81fcb4-d6c9-4379-b083-2b62b5245d74", "historyId": "0c476eb4fa44892df109fc74beed47b9", "testCaseId": "0c476eb4fa44892df109fc74beed47b9", "fullName": "Dec.ex_28122024_Pytest.test_Lab186_Pytest_Learning#test_method2", "labels": [{"name": "parentSuite", "value": "Dec.ex_28122024_Pytest"}, {"name": "suite", "value": "test_Lab186_Pytest_Learning"}, {"name": "host", "value": "DESKTOP-J12C457"}, {"name": "thread", "value": "2920-MainThread"}, {"name": "framework", "value": "pytest"}, {"name": "language", "value": "cpython3"}, {"name": "package", "value": "Dec.ex_28122024_Pytest.test_Lab186_Pytest_Learning"}]}